app/build/outputs/logs/manifest-merger-debug-report.txt
-- Merging decision tree log ---
manifest
ADDED from src\main\AndroidManifest.xml:2:1-455:12
INJECTED from src\main\AndroidManifest.xml:2:1-455:12
INJECTED from src\main\AndroidManifest.xml:2:1-455:12
INJECTED from src\main\AndroidManifest.xml:2:1-455:12
INJECTED from src\main\AndroidManifest.xml:2:1-455:12
INJECTED from src\main\AndroidManifest.xml:2:1-455:12
INJECTED from src\main\AndroidManifest.xml:2:1-455:12
	package
		ADDED from src\main\AndroidManifest.xml:3:5-38
		INJECTED from src\main\AndroidManifest.xml
		INJECTED from src\main\AndroidManifest.xml
	android:versionName
		ADDED from src\main\AndroidManifest.xml:6:5-32
		INJECTED from src\main\AndroidManifest.xml
		INJECTED from src\main\AndroidManifest.xml
	xmlns:android
		ADDED from src\main\AndroidManifest.xml:2:11-69
	android:versionCode
		ADDED from src\main\AndroidManifest.xml:5:5-28
		INJECTED from src\main\AndroidManifest.xml
		INJECTED from src\main\AndroidManifest.xml
	android:installLocation
		ADDED from src\main\AndroidManifest.xml:4:5-35
uses-sdk
ADDED from src\main\AndroidManifest.xml:8:5-10:41
INJECTED from src\main\AndroidManifest.xml:8:5-10:41
INJECTED from src\main\AndroidManifest.xml:8:5-10:41
INJECTED from src\main\AndroidManifest.xml:8:5-10:41
INJECTED from src\main\AndroidManifest.xml:8:5-10:41
	android:targetSdkVersion
		ADDED from src\main\AndroidManifest.xml:10:9-38
		INJECTED from src\main\AndroidManifest.xml
		INJECTED from src\main\AndroidManifest.xml
	android:minSdkVersion
		ADDED from src\main\AndroidManifest.xml:9:9-34
		INJECTED from src\main\AndroidManifest.xml
		INJECTED from src\main\AndroidManifest.xml
uses-permission#android.permission.READ_PHONE_STATE
ADDED from src\main\AndroidManifest.xml:12:5-75
	android:name
		ADDED from src\main\AndroidManifest.xml:12:22-72
uses-permission#android.permission.VIBRATE
ADDED from src\main\AndroidManifest.xml:13:5-66
	android:name
		ADDED from src\main\AndroidManifest.xml:13:22-63
uses-permission#android.permission.RESTART_PACKAGES
ADDED from src\main\AndroidManifest.xml:14:5-75
	android:name
		ADDED from src\main\AndroidManifest.xml:14:22-72
uses-permission#android.permission.ACCESS_NETWORK_STATE
ADDED from src\main\AndroidManifest.xml:15:5-79
	android:name
		ADDED from src\main\AndroidManifest.xml:15:22-76
uses-permission#android.permission.ACCESS_WIFI_STATE
ADDED from src\main\AndroidManifest.xml:16:5-76
	android:name
		ADDED from src\main\AndroidManifest.xml:16:22-73
uses-permission#android.permission.WRITE_EXTERNAL_STORAGE
ADDED from src\main\AndroidManifest.xml:23:5-81
	android:name
		ADDED from src\main\AndroidManifest.xml:23:22-78
uses-permission#android.permission.INTERNET
ADDED from src\main\AndroidManifest.xml:25:5-67
	android:name
		ADDED from src\main\AndroidManifest.xml:25:22-64
uses-permission#android.permission.ACCESS_FINE_LOCATION
ADDED from src\main\AndroidManifest.xml:27:5-79
	android:name
		ADDED from src\main\AndroidManifest.xml:27:22-76
uses-permission#android.permission.ACCESS_COARSE_LOCATION
ADDED from src\main\AndroidManifest.xml:29:5-81
	android:name
		ADDED from src\main\AndroidManifest.xml:29:22-78
application
ADDED from src\main\AndroidManifest.xml:32:5-446:19
	android:label
		ADDED from src\main\AndroidManifest.xml:36:9-41
	android:icon
		ADDED from src\main\AndroidManifest.xml:35:9-37
	android:allowBackup
		ADDED from src\main\AndroidManifest.xml:34:9-35
	android:theme
		ADDED from src\main\AndroidManifest.xml:37:9-40
	android:name
		ADDED from src\main\AndroidManifest.xml:33:9-48
activity#com.sm.sls_app.ui.MainActivity
ADDED from src\main\AndroidManifest.xml:38:9-49:20
	android:screenOrientation
		ADDED from src\main\AndroidManifest.xml:43:13-49
	android:label
		ADDED from src\main\AndroidManifest.xml:41:13-45
	android:launchMode
		ADDED from src\main\AndroidManifest.xml:42:13-44
	android:configChanges
		ADDED from src\main\AndroidManifest.xml:40:13-63
	android:name
		ADDED from src\main\AndroidManifest.xml:39:13-58
intent-filter#android.intent.action.MAIN+android.intent.category.LAUNCHER
ADDED from src\main\AndroidManifest.xml:44:13-48:29
action#android.intent.action.MAIN
ADDED from src\main\AndroidManifest.xml:45:17-69
	android:name
		ADDED from src\main\AndroidManifest.xml:45:25-66
category#android.intent.category.LAUNCHER
ADDED from src\main\AndroidManifest.xml:47:17-77
	android:name
		ADDED from src\main\AndroidManifest.xml:47:27-74
activity#com.sm.sls_app.ui.LuckNumberActivity
ADDED from src\main\AndroidManifest.xml:50:9-54:52
	android:screenOrientation
		ADDED from src\main\AndroidManifest.xml:54:13-49
	android:launchMode
		ADDED from src\main\AndroidManifest.xml:53:13-44
	android:configChanges
		ADDED from src\main\AndroidManifest.xml:52:13-63
	android:name
		ADDED from src\main\AndroidManifest.xml:51:13-64
activity#com.sm.sls_app.ui.LoginActivity
ADDED from src\main\AndroidManifest.xml:55:9-59:52
	android:screenOrientation
		ADDED from src\main\AndroidManifest.xml:59:13-49
	android:launchMode
		ADDED from src\main\AndroidManifest.xml:58:13-44
	android:configChanges
		ADDED from src\main\AndroidManifest.xml:57:13-63
	android:name
		ADDED from src\main\AndroidManifest.xml:56:13-59
activity#com.sm.sls_app.ui.RegisterActivity
ADDED from src\main\AndroidManifest.xml:60:9-64:52
	android:screenOrientation
		ADDED from src\main\AndroidManifest.xml:64:13-49
	android:launchMode
		ADDED from src\main\AndroidManifest.xml:63:13-44
	android:configChanges
		ADDED from src\main\AndroidManifest.xml:62:13-63
	android:name
		ADDED from src\main\AndroidManifest.xml:61:13-62
activity#com.sm.sls_app.ui.BetActivity
ADDED from src\main\AndroidManifest.xml:65:9-69:52
	android:screenOrientation
		ADDED from src\main\AndroidManifest.xml:69:13-49
	android:launchMode
		ADDED from src\main\AndroidManifest.xml:68:13-44
	android:configChanges
		ADDED from src\main\AndroidManifest.xml:67:13-63
	android:name
		ADDED from src\main\AndroidManifest.xml:66:13-57
activity#com.sm.sls_app.ui.Bet_JXSSCActivity
ADDED from src\main\AndroidManifest.xml:70:9-74:52
	android:screenOrientation
		ADDED from src\main\AndroidManifest.xml:74:13-49
	android:launchMode
		ADDED from src\main\AndroidManifest.xml:73:13-44
	android:configChanges
		ADDED from src\main\AndroidManifest.xml:72:13-63
	android:name
		ADDED from src\main\AndroidManifest.xml:71:13-63
activity#com.sm.sls_app.ui.Select_JXSSCActivity
ADDED from src\main\AndroidManifest.xml:75:9-79:52
	android:screenOrientation
		ADDED from src\main\AndroidManifest.xml:79:13-49
	android:launchMode
		ADDED from src\main\AndroidManifest.xml:78:13-44
	android:configChanges
		ADDED from src\main\AndroidManifest.xml:77:13-63
	android:name
		ADDED from src\main\AndroidManifest.xml:76:13-66
activity#com.sm.sls_app.ui.Bet_XJSSCActivity
ADDED from src\main\AndroidManifest.xml:80:9-84:52
	android:screenOrientation
		ADDED from src\main\AndroidManifest.xml:84:13-49
	android:launchMode
		ADDED from src\main\AndroidManifest.xml:83:13-44
	android:configChanges
		ADDED from src\main\AndroidManifest.xml:82:13-63
	android:name
		ADDED from src\main\AndroidManifest.xml:81:13-63
activity#com.sm.sls_app.ui.Select_XJSSCActivity
ADDED from src\main\AndroidManifest.xml:85:9-89:52
	android:screenOrientation
		ADDED from src\main\AndroidManifest.xml:89:13-49
	android:launchMode
		ADDED from src\main\AndroidManifest.xml:88:13-44
	android:configChanges
		ADDED from src\main\AndroidManifest.xml:87:13-63
	android:name
		ADDED from src\main\AndroidManifest.xml:86:13-66
activity#com.sm.sls_app.ui.Bet_YNSSCActivity
ADDED from src\main\AndroidManifest.xml:90:9-94:52
	android:screenOrientation
		ADDED from src\main\AndroidManifest.xml:94:13-49
	android:launchMode
		ADDED from src\main\AndroidManifest.xml:93:13-44
	android:configChanges
		ADDED from src\main\AndroidManifest.xml:92:13-63
	android:name
		ADDED from src\main\AndroidManifest.xml:91:13-63
activity#com.sm.sls_app.ui.Select_YNSSCActivity
ADDED from src\main\AndroidManifest.xml:95:9-99:52
	android:screenOrientation
		ADDED from src\main\AndroidManifest.xml:99:13-49
	android:launchMode
		ADDED from src\main\AndroidManifest.xml:98:13-44
	android:configChanges
		ADDED from src\main\AndroidManifest.xml:97:13-63
	android:name
		ADDED from src\main\AndroidManifest.xml:96:13-66
activity#com.sm.sls_app.ui.BetActivityFC3D
ADDED from src\main\AndroidManifest.xml:100:9-104:52
	android:screenOrientation
		ADDED from src\main\AndroidManifest.xml:104:13-49
	android:launchMode
		ADDED from src\main\AndroidManifest.xml:103:13-44
	android:configChanges
		ADDED from src\main\AndroidManifest.xml:102:13-63
	android:name
		ADDED from src\main\AndroidManifest.xml:101:13-61
activity#com.sm.sls_app.ui.AlipayInfoActivity
ADDED from src\main\AndroidManifest.xml:105:9-109:52
	android:screenOrientation
		ADDED from src\main\AndroidManifest.xml:109:13-49
	android:launchMode
		ADDED from src\main\AndroidManifest.xml:108:13-44
	android:configChanges
		ADDED from src\main\AndroidManifest.xml:107:13-63
	android:name
		ADDED from src\main\AndroidManifest.xml:106:13-64
activity#com.sm.sls_app.ui.PayAccountActivity
ADDED from src\main\AndroidManifest.xml:110:9-114:52
	android:screenOrientation
		ADDED from src\main\AndroidManifest.xml:114:13-49
	android:launchMode
		ADDED from src\main\AndroidManifest.xml:113:13-44
	android:configChanges
		ADDED from src\main\AndroidManifest.xml:112:13-63
	android:name
		ADDED from src\main\AndroidManifest.xml:111:13-64
activity#com.sm.sls_app.ui.BetActivityPL3
ADDED from src\main\AndroidManifest.xml:115:9-119:52
	android:screenOrientation
		ADDED from src\main\AndroidManifest.xml:119:13-49
	android:launchMode
		ADDED from src\main\AndroidManifest.xml:118:13-44
	android:configChanges
		ADDED from src\main\AndroidManifest.xml:117:13-63
	android:name
		ADDED from src\main\AndroidManifest.xml:116:13-60
activity#com.sm.sls_app.ui.IntegralActivity
ADDED from src\main\AndroidManifest.xml:120:9-124:52
	android:screenOrientation
		ADDED from src\main\AndroidManifest.xml:124:13-49
	android:launchMode
		ADDED from src\main\AndroidManifest.xml:123:13-44
	android:configChanges
		ADDED from src\main\AndroidManifest.xml:122:13-63
	android:name
		ADDED from src\main\AndroidManifest.xml:121:13-62
activity#com.sm.sls_app.ui.AlipayWithdrawalActivity
ADDED from src\main\AndroidManifest.xml:125:9-129:52
	android:screenOrientation
		ADDED from src\main\AndroidManifest.xml:129:13-49
	android:launchMode
		ADDED from src\main\AndroidManifest.xml:128:13-44
	android:configChanges
		ADDED from src\main\AndroidManifest.xml:127:13-63
	android:name
		ADDED from src\main\AndroidManifest.xml:126:13-70
activity#com.sm.sls_app.ui.SelectNumberActivity
ADDED from src\main\AndroidManifest.xml:130:9-135:20
	android:screenOrientation
		ADDED from src\main\AndroidManifest.xml:134:13-49
	android:launchMode
		ADDED from src\main\AndroidManifest.xml:133:13-44
	android:configChanges
		ADDED from src\main\AndroidManifest.xml:132:13-63
	android:name
		ADDED from src\main\AndroidManifest.xml:131:13-66
activity#com.sm.sls_app.ui.SelectNumberActivityFC3D
ADDED from src\main\AndroidManifest.xml:136:9-141:20
	android:screenOrientation
		ADDED from src\main\AndroidManifest.xml:140:13-49
	android:launchMode
		ADDED from src\main\AndroidManifest.xml:139:13-44
	android:configChanges
		ADDED from src\main\AndroidManifest.xml:138:13-63
	android:name
		ADDED from src\main\AndroidManifest.xml:137:13-70
activity#com.sm.sls_app.ui.SelectNumberActivityPL3
ADDED from src\main\AndroidManifest.xml:142:9-147:20
	android:screenOrientation
		ADDED from src\main\AndroidManifest.xml:146:13-49
	android:launchMode
		ADDED from src\main\AndroidManifest.xml:145:13-44
	android:configChanges
		ADDED from src\main\AndroidManifest.xml:144:13-63
	android:name
		ADDED from src\main\AndroidManifest.xml:143:13-69
activity#com.sm.sls_app.ui.SelectNumberActivityPL5_QXC
ADDED from src\main\AndroidManifest.xml:148:9-153:20
	android:screenOrientation
		ADDED from src\main\AndroidManifest.xml:152:13-49
	android:launchMode
		ADDED from src\main\AndroidManifest.xml:151:13-44
	android:configChanges
		ADDED from src\main\AndroidManifest.xml:150:13-63
	android:name
		ADDED from src\main\AndroidManifest.xml:149:13-73
activity#com.sm.sls_app.ui.PaySuccessActivity
ADDED from src\main\AndroidManifest.xml:154:9-158:52
	android:screenOrientation
		ADDED from src\main\AndroidManifest.xml:158:13-49
	android:launchMode
		ADDED from src\main\AndroidManifest.xml:157:13-43
	android:configChanges
		ADDED from src\main\AndroidManifest.xml:156:13-63
	android:name
		ADDED from src\main\AndroidManifest.xml:155:13-64
activity#com.sm.sls_app.ui.JoinActivity
ADDED from src\main\AndroidManifest.xml:159:9-163:52
	android:screenOrientation
		ADDED from src\main\AndroidManifest.xml:163:13-49
	android:launchMode
		ADDED from src\main\AndroidManifest.xml:162:13-44
	android:configChanges
		ADDED from src\main\AndroidManifest.xml:161:13-63
	android:name
		ADDED from src\main\AndroidManifest.xml:160:13-58
activity#com.sm.sls_app.ui.WinLotteryInfoActivity
ADDED from src\main\AndroidManifest.xml:164:9-168:52
	android:screenOrientation
		ADDED from src\main\AndroidManifest.xml:168:13-49
	android:launchMode
		ADDED from src\main\AndroidManifest.xml:167:13-44
	android:configChanges
		ADDED from src\main\AndroidManifest.xml:166:13-63
	android:name
		ADDED from src\main\AndroidManifest.xml:165:13-68
activity#com.sm.sls_app.ui.Buy_DLT_Activit
ADDED from src\main\AndroidManifest.xml:169:9-173:52
	android:screenOrientation
		ADDED from src\main\AndroidManifest.xml:173:13-49
	android:launchMode
		ADDED from src\main\AndroidManifest.xml:172:13-44
	android:configChanges
		ADDED from src\main\AndroidManifest.xml:171:13-63
	android:name
		ADDED from src\main\AndroidManifest.xml:170:13-61
activity#com.sm.sls_app.ui.Bet_DLT_Activity
ADDED from src\main\AndroidManifest.xml:174:9-178:52
	android:screenOrientation
		ADDED from src\main\AndroidManifest.xml:178:13-49
	android:launchMode
		ADDED from src\main\AndroidManifest.xml:177:13-44
	android:configChanges
		ADDED from src\main\AndroidManifest.xml:176:13-63
	android:name
		ADDED from src\main\AndroidManifest.xml:175:13-62
activity#com.sm.sls_app.ui.Select_QlcActivity
ADDED from src\main\AndroidManifest.xml:179:9-183:52
	android:screenOrientation
		ADDED from src\main\AndroidManifest.xml:183:13-49
	android:launchMode
		ADDED from src\main\AndroidManifest.xml:182:13-44
	android:configChanges
		ADDED from src\main\AndroidManifest.xml:181:13-63
	android:name
		ADDED from src\main\AndroidManifest.xml:180:13-64
activity#com.sm.sls_app.ui.Bet_QLC_Activity
ADDED from src\main\AndroidManifest.xml:184:9-188:52
	android:screenOrientation
		ADDED from src\main\AndroidManifest.xml:188:13-49
	android:launchMode
		ADDED from src\main\AndroidManifest.xml:187:13-44
	android:configChanges
		ADDED from src\main\AndroidManifest.xml:186:13-63
	android:name
		ADDED from src\main\AndroidManifest.xml:185:13-62
activity#com.sm.sls_app.ui.Buy_SFC_Activity
ADDED from src\main\AndroidManifest.xml:189:9-193:52
	android:screenOrientation
		ADDED from src\main\AndroidManifest.xml:193:13-49
	android:launchMode
		ADDED from src\main\AndroidManifest.xml:192:13-44
	android:configChanges
		ADDED from src\main\AndroidManifest.xml:191:13-63
	android:name
		ADDED from src\main\AndroidManifest.xml:190:13-62
activity#com.sm.sls_app.ui.Bet_SFC_Activity
ADDED from src\main\AndroidManifest.xml:194:9-198:52
	android:screenOrientation
		ADDED from src\main\AndroidManifest.xml:198:13-49
	android:launchMode
		ADDED from src\main\AndroidManifest.xml:197:13-44
	android:configChanges
		ADDED from src\main\AndroidManifest.xml:196:13-63
	android:name
		ADDED from src\main\AndroidManifest.xml:195:13-62
activity#com.sm.sls_app.ui.Buy_RX9_Activit
ADDED from src\main\AndroidManifest.xml:199:9-203:52
	android:screenOrientation
		ADDED from src\main\AndroidManifest.xml:203:13-49
	android:launchMode
		ADDED from src\main\AndroidManifest.xml:202:13-44
	android:configChanges
		ADDED from src\main\AndroidManifest.xml:201:13-63
	android:name
		ADDED from src\main\AndroidManifest.xml:200:13-61
activity#com.sm.sls_app.ui.Bet_RX9_Activity
ADDED from src\main\AndroidManifest.xml:204:9-208:52
	android:screenOrientation
		ADDED from src\main\AndroidManifest.xml:208:13-49
	android:launchMode
		ADDED from src\main\AndroidManifest.xml:207:13-44
	android:configChanges
		ADDED from src\main\AndroidManifest.xml:206:13-63
	android:name
		ADDED from src\main\AndroidManifest.xml:205:13-62
activity#com.sm.sls_app.ui.WinLottery_qlc_Activity
ADDED from src\main\AndroidManifest.xml:209:9-213:52
	android:screenOrientation
		ADDED from src\main\AndroidManifest.xml:213:13-49
	android:launchMode
		ADDED from src\main\AndroidManifest.xml:212:13-44
	android:configChanges
		ADDED from src\main\AndroidManifest.xml:211:13-63
	android:name
		ADDED from src\main\AndroidManifest.xml:210:13-69
activity#com.sm.sls_app.ui.WinLottery_3d_Activity
ADDED from src\main\AndroidManifest.xml:214:9-218:52
	android:screenOrientation
		ADDED from src\main\AndroidManifest.xml:218:13-49
	android:launchMode
		ADDED from src\main\AndroidManifest.xml:217:13-44
	android:configChanges
		ADDED from src\main\AndroidManifest.xml:216:13-63
	android:name
		ADDED from src\main\AndroidManifest.xml:215:13-68
activity#com.sm.sls_app.ui.WinLottery_sfc_Activity
ADDED from src\main\AndroidManifest.xml:219:9-223:52
	android:screenOrientation
		ADDED from src\main\AndroidManifest.xml:223:13-49
	android:launchMode
		ADDED from src\main\AndroidManifest.xml:222:13-44
	android:configChanges
		ADDED from src\main\AndroidManifest.xml:221:13-63
	android:name
		ADDED from src\main\AndroidManifest.xml:220:13-69
activity#com.sm.sls_app.ui.WinLottery_ssc_Activity
ADDED from src\main\AndroidManifest.xml:224:9-228:52
	android:screenOrientation
		ADDED from src\main\AndroidManifest.xml:228:13-49
	android:launchMode
		ADDED from src\main\AndroidManifest.xml:227:13-44
	android:configChanges
		ADDED from src\main\AndroidManifest.xml:226:13-63
	android:name
		ADDED from src\main\AndroidManifest.xml:225:13-69
activity#com.sm.sls_app.ui.WinLottery_luckRacing_Activity
ADDED from src\main\AndroidManifest.xml:229:9-233:52
	android:screenOrientation
		ADDED from src\main\AndroidManifest.xml:233:13-49
	android:launchMode
		ADDED from src\main\AndroidManifest.xml:232:13-44
	android:configChanges
		ADDED from src\main\AndroidManifest.xml:231:13-63
	android:name
		ADDED from src\main\AndroidManifest.xml:230:13-76
activity#com.sm.sls_app.ui.FollowInfoActivity
ADDED from src\main\AndroidManifest.xml:234:9-238:52
	android:screenOrientation
		ADDED from src\main\AndroidManifest.xml:238:13-49
	android:launchMode
		ADDED from src\main\AndroidManifest.xml:237:13-44
	android:configChanges
		ADDED from src\main\AndroidManifest.xml:236:13-63
	android:name
		ADDED from src\main\AndroidManifest.xml:235:13-64
activity#com.sm.sls_app.ui.FollowNumberActivity_jc
ADDED from src\main\AndroidManifest.xml:239:9-243:52
	android:screenOrientation
		ADDED from src\main\AndroidManifest.xml:243:13-49
	android:launchMode
		ADDED from src\main\AndroidManifest.xml:242:13-44
	android:configChanges
		ADDED from src\main\AndroidManifest.xml:241:13-63
	android:name
		ADDED from src\main\AndroidManifest.xml:240:13-69
activity#com.sm.sls_app.ui.WinLottery_ssq_Activity
ADDED from src\main\AndroidManifest.xml:244:9-248:52
	android:screenOrientation
		ADDED from src\main\AndroidManifest.xml:248:13-49
	android:launchMode
		ADDED from src\main\AndroidManifest.xml:247:13-44
	android:configChanges
		ADDED from src\main\AndroidManifest.xml:246:13-63
	android:name
		ADDED from src\main\AndroidManifest.xml:245:13-69
activity#com.sm.sls_app.ui.WinLottery_dlt_Activity
ADDED from src\main\AndroidManifest.xml:249:9-253:52
	android:screenOrientation
		ADDED from src\main\AndroidManifest.xml:253:13-49
	android:launchMode
		ADDED from src\main\AndroidManifest.xml:252:13-44
	android:configChanges
		ADDED from src\main\AndroidManifest.xml:251:13-63
	android:name
		ADDED from src\main\AndroidManifest.xml:250:13-69
activity#com.sm.sls_app.ui.WinLottery_qxc_Activity
ADDED from src\main\AndroidManifest.xml:254:9-258:52
	android:screenOrientation
		ADDED from src\main\AndroidManifest.xml:258:13-49
	android:launchMode
		ADDED from src\main\AndroidManifest.xml:257:13-44
	android:configChanges
		ADDED from src\main\AndroidManifest.xml:256:13-63
	android:name
		ADDED from src\main\AndroidManifest.xml:255:13-69
activity#com.sm.sls_app.ui.MyLotteryInfoActivity_SSQ
ADDED from src\main\AndroidManifest.xml:259:9-263:52
	android:screenOrientation
		ADDED from src\main\AndroidManifest.xml:263:13-49
	android:launchMode
		ADDED from src\main\AndroidManifest.xml:262:13-44
	android:configChanges
		ADDED from src\main\AndroidManifest.xml:261:13-63
	android:name
		ADDED from src\main\AndroidManifest.xml:260:13-71
activity#com.sm.sls_app.ui.BetActivityPL5_QXC
ADDED from src\main\AndroidManifest.xml:264:9-268:52
	android:screenOrientation
		ADDED from src\main\AndroidManifest.xml:268:13-49
	android:launchMode
		ADDED from src\main\AndroidManifest.xml:267:13-44
	android:configChanges
		ADDED from src\main\AndroidManifest.xml:266:13-63
	android:name
		ADDED from src\main\AndroidManifest.xml:265:13-64
activity#com.sm.sls_app.ui.MyLotteryInfoActivity_JCZQ
ADDED from src\main\AndroidManifest.xml:269:9-273:52
	android:screenOrientation
		ADDED from src\main\AndroidManifest.xml:273:13-49
	android:launchMode
		ADDED from src\main\AndroidManifest.xml:272:13-44
	android:configChanges
		ADDED from src\main\AndroidManifest.xml:271:13-63
	android:name
		ADDED from src\main\AndroidManifest.xml:270:13-72
activity#com.sm.sls_app.ui.AccountInformationActivity
ADDED from src\main\AndroidManifest.xml:274:9-278:52
	android:screenOrientation
		ADDED from src\main\AndroidManifest.xml:278:13-49
	android:launchMode
		ADDED from src\main\AndroidManifest.xml:277:13-44
	android:configChanges
		ADDED from src\main\AndroidManifest.xml:276:13-63
	android:name
		ADDED from src\main\AndroidManifest.xml:275:13-72
activity#com.sm.sls_app.ui.IdCardActivity
ADDED from src\main\AndroidManifest.xml:279:9-283:52
	android:screenOrientation
		ADDED from src\main\AndroidManifest.xml:283:13-49
	android:launchMode
		ADDED from src\main\AndroidManifest.xml:282:13-44
	android:configChanges
		ADDED from src\main\AndroidManifest.xml:281:13-63
	android:name
		ADDED from src\main\AndroidManifest.xml:280:13-60
activity#com.sm.sls_app.ui.BankInfoActivity
ADDED from src\main\AndroidManifest.xml:284:9-288:52
	android:screenOrientation
		ADDED from src\main\AndroidManifest.xml:288:13-49
	android:launchMode
		ADDED from src\main\AndroidManifest.xml:287:13-44
	android:configChanges
		ADDED from src\main\AndroidManifest.xml:286:13-63
	android:name
		ADDED from src\main\AndroidManifest.xml:285:13-62
activity#com.sm.sls_app.ui.RechargeActivity
ADDED from src\main\AndroidManifest.xml:289:9-293:52
	android:screenOrientation
		ADDED from src\main\AndroidManifest.xml:293:13-49
	android:launchMode
		ADDED from src\main\AndroidManifest.xml:292:13-44
	android:configChanges
		ADDED from src\main\AndroidManifest.xml:291:13-63
	android:name
		ADDED from src\main\AndroidManifest.xml:290:13-62
activity#com.sm.sls_app.ui.WithdrawalActivity
ADDED from src\main\AndroidManifest.xml:294:9-298:52
	android:screenOrientation
		ADDED from src\main\AndroidManifest.xml:298:13-49
	android:launchMode
		ADDED from src\main\AndroidManifest.xml:297:13-44
	android:configChanges
		ADDED from src\main\AndroidManifest.xml:296:13-63
	android:name
		ADDED from src\main\AndroidManifest.xml:295:13-64
activity#com.sm.sls_app.ui.FundsInfoActivity
ADDED from src\main\AndroidManifest.xml:299:9-304:55
	android:screenOrientation
		ADDED from src\main\AndroidManifest.xml:303:13-49
	android:launchMode
		ADDED from src\main\AndroidManifest.xml:302:13-42
	android:configChanges
		ADDED from src\main\AndroidManifest.xml:301:13-63
	android:theme
		ADDED from src\main\AndroidManifest.xml:304:13-52
	android:name
		ADDED from src\main\AndroidManifest.xml:300:13-63
activity#com.sm.sls_app.ui.PlayDescription
ADDED from src\main\AndroidManifest.xml:305:9-309:52
	android:screenOrientation
		ADDED from src\main\AndroidManifest.xml:309:13-49
	android:launchMode
		ADDED from src\main\AndroidManifest.xml:308:13-44
	android:configChanges
		ADDED from src\main\AndroidManifest.xml:307:13-63
	android:name
		ADDED from src\main\AndroidManifest.xml:306:13-61
activity#com.sm.sls_app.ui.WinLottery_pl3_pl5_Activity
ADDED from src\main\AndroidManifest.xml:310:9-314:52
	android:screenOrientation
		ADDED from src\main\AndroidManifest.xml:314:13-49
	android:launchMode
		ADDED from src\main\AndroidManifest.xml:313:13-44
	android:configChanges
		ADDED from src\main\AndroidManifest.xml:312:13-63
	android:name
		ADDED from src\main\AndroidManifest.xml:311:13-73
activity#com.sm.sls_app.ui.SettingActivity
ADDED from src\main\AndroidManifest.xml:315:9-319:52
	android:screenOrientation
		ADDED from src\main\AndroidManifest.xml:319:13-49
	android:launchMode
		ADDED from src\main\AndroidManifest.xml:318:13-44
	android:configChanges
		ADDED from src\main\AndroidManifest.xml:317:13-63
	android:name
		ADDED from src\main\AndroidManifest.xml:316:13-61
activity#com.sm.sls_app.ui.Information_Detail
ADDED from src\main\AndroidManifest.xml:320:9-323:20
	android:configChanges
		ADDED from src\main\AndroidManifest.xml:322:13-63
	android:name
		ADDED from src\main\AndroidManifest.xml:321:13-64
activity#com.sm.sls_app.ui.Select_jczqActivity
ADDED from src\main\AndroidManifest.xml:324:9-328:52
	android:screenOrientation
		ADDED from src\main\AndroidManifest.xml:328:13-49
	android:launchMode
		ADDED from src\main\AndroidManifest.xml:327:13-44
	android:configChanges
		ADDED from src\main\AndroidManifest.xml:326:13-63
	android:name
		ADDED from src\main\AndroidManifest.xml:325:13-65
activity#com.sm.sls_app.ui.Bet_JCZQ_Activity
ADDED from src\main\AndroidManifest.xml:329:9-333:52
	android:screenOrientation
		ADDED from src\main\AndroidManifest.xml:333:13-49
	android:launchMode
		ADDED from src\main\AndroidManifest.xml:332:13-44
	android:configChanges
		ADDED from src\main\AndroidManifest.xml:331:13-63
	android:name
		ADDED from src\main\AndroidManifest.xml:330:13-63
activity#com.sm.sls_app.ui.Select_jclqActivity
ADDED from src\main\AndroidManifest.xml:334:9-338:52
	android:screenOrientation
		ADDED from src\main\AndroidManifest.xml:338:13-49
	android:launchMode
		ADDED from src\main\AndroidManifest.xml:337:13-44
	android:configChanges
		ADDED from src\main\AndroidManifest.xml:336:13-63
	android:name
		ADDED from src\main\AndroidManifest.xml:335:13-65
activity#com.sm.sls_app.ui.Bet_JCLQ_Activity
ADDED from src\main\AndroidManifest.xml:339:9-342:52
	android:screenOrientation
		ADDED from src\main\AndroidManifest.xml:342:13-49
	android:launchMode
		ADDED from src\main\AndroidManifest.xml:341:13-44
	android:name
		ADDED from src\main\AndroidManifest.xml:340:13-63
activity#com.sm.sls_app.ui.FollowNumberActivity
ADDED from src\main\AndroidManifest.xml:343:9-346:52
	android:screenOrientation
		ADDED from src\main\AndroidManifest.xml:346:13-49
	android:launchMode
		ADDED from src\main\AndroidManifest.xml:345:13-44
	android:name
		ADDED from src\main\AndroidManifest.xml:344:13-66
activity#com.sm.sls_app.ui.WinLottery_jc_Activity
ADDED from src\main\AndroidManifest.xml:347:9-350:52
	android:screenOrientation
		ADDED from src\main\AndroidManifest.xml:350:13-49
	android:launchMode
		ADDED from src\main\AndroidManifest.xml:349:13-44
	android:name
		ADDED from src\main\AndroidManifest.xml:348:13-68
activity#com.sm.sls_app.ui.StationMessageActivity
ADDED from src\main\AndroidManifest.xml:351:9-352:20
	android:name
		ADDED from src\main\AndroidManifest.xml:351:19-74
activity#com.sm.sls_app.ui.SuggestActivity
ADDED from src\main\AndroidManifest.xml:353:9-354:20
	android:name
		ADDED from src\main\AndroidManifest.xml:353:19-67
activity#com.sm.sls_app.ui.Select_11X5Activity
ADDED from src\main\AndroidManifest.xml:355:9-356:20
	android:name
		ADDED from src\main\AndroidManifest.xml:355:19-71
activity#com.sm.sls_app.ui.Bet_11x5Activity
ADDED from src\main\AndroidManifest.xml:357:9-358:20
	android:name
		ADDED from src\main\AndroidManifest.xml:357:19-68
activity#com.sm.sls_app.ui.Select_SSCActivity
ADDED from src\main\AndroidManifest.xml:359:9-360:20
	android:name
		ADDED from src\main\AndroidManifest.xml:359:19-70
activity#com.sm.sls_app.ui.Select_HNSSCActivity
ADDED from src\main\AndroidManifest.xml:361:9-362:20
	android:name
		ADDED from src\main\AndroidManifest.xml:361:19-72
activity#com.sm.sls_app.ui.Select_BJPK10Activity
ADDED from src\main\AndroidManifest.xml:363:9-364:20
	android:name
		ADDED from src\main\AndroidManifest.xml:363:19-73
activity#com.sm.sls_app.ui.Bet_BJPK10Activity
ADDED from src\main\AndroidManifest.xml:365:10-366:20
	android:name
		ADDED from src\main\AndroidManifest.xml:365:20-71
activity#com.sm.sls_app.ui.Bet_HNSSCActivity
ADDED from src\main\AndroidManifest.xml:367:9-368:20
	android:name
		ADDED from src\main\AndroidManifest.xml:367:19-69
activity#com.sm.sls_app.ui.JoinHelpActivity
ADDED from src\main\AndroidManifest.xml:369:9-370:20
	android:name
		ADDED from src\main\AndroidManifest.xml:369:19-68
activity#com.sm.sls_app.ui.Bet_SSCActivity
ADDED from src\main\AndroidManifest.xml:371:9-372:20
	android:name
		ADDED from src\main\AndroidManifest.xml:371:19-67
activity#com.sm.sls_app.ui.MyAllLotteryActivity
ADDED from src\main\AndroidManifest.xml:373:9-376:55
	android:configChanges
		ADDED from src\main\AndroidManifest.xml:375:13-63
	android:theme
		ADDED from src\main\AndroidManifest.xml:376:13-52
	android:name
		ADDED from src\main\AndroidManifest.xml:374:13-66
activity#com.sm.sls_app.ui.MyCommonLotteryInfo
ADDED from src\main\AndroidManifest.xml:377:9-378:20
	android:name
		ADDED from src\main\AndroidManifest.xml:377:19-71
activity#com.sm.sls_app.ui.MyFollowLotteryInfo
ADDED from src\main\AndroidManifest.xml:379:9-380:20
	android:name
		ADDED from src\main\AndroidManifest.xml:379:19-71